<?xml version="1.0" encoding="UTF-8"?>
<!-- Generated by org.testng.reporters.JUnitXMLReporter -->
<testsuite ignored="0" hostname="DESKTOP-19VJ40N" failures="0" tests="9" name="Test" time="0.108" errors="0" timestamp="2024-06-25T11:19:06 IST">
  <testcase classname="framework2.Sample1" name="A" time="0.013"/>
  <testcase classname="framework2.Sample1" name="B" time="0.002"/>
  <testcase classname="framework2.Sample1" name="C" time="0.002"/>
  <testcase classname="framework1.Sample3" name="g" time="0.001"/>
  <testcase classname="framework1.Sample3" name="h" time="0.003"/>
  <testcase classname="framework1.Sample3" name="i" time="0.002"/>
  <testcase classname="framework2.Sample2" name="D" time="0.003"/>
  <testcase classname="framework2.Sample2" name="E" time="0.002"/>
  <testcase classname="framework2.Sample2" name="F" time="0.001"/>
</testsuite> <!-- Test -->
